<?xml version="1.0" encoding="UTF-8"?>
<testng-results skipped="0" failed="0" ignored="0" total="1" passed="1">
  <reporter-output>
  </reporter-output>
  <suite name="Default suite" duration-ms="26403" started-at="2018-08-01T10:23:07Z" finished-at="2018-08-01T10:23:33Z">
    <groups>
    </groups>
    <test name="Default test" duration-ms="26403" started-at="2018-08-01T10:23:07Z" finished-at="2018-08-01T10:23:33Z">
      <class name="com.kyd.testcases.LoginPageTest">
        <test-method status="PASS" signature="setup()[pri:0, instance:com.kyd.testcases.LoginPageTest@59e5ddf]" name="setup" is-config="true" duration-ms="18991" started-at="2018-08-01T10:23:07Z" finished-at="2018-08-01T10:23:26Z">
          <reporter-output>
          </reporter-output>
        </test-method> <!-- setup -->
        <test-method status="PASS" signature="login()[pri:0, instance:com.kyd.testcases.LoginPageTest@59e5ddf]" name="login" duration-ms="3606" started-at="2018-08-01T10:23:26Z" finished-at="2018-08-01T10:23:29Z">
          <reporter-output>
          </reporter-output>
        </test-method> <!-- login -->
        <test-method status="PASS" signature="close()[pri:0, instance:com.kyd.testcases.LoginPageTest@59e5ddf]" name="close" is-config="true" duration-ms="3765" started-at="2018-08-01T10:23:29Z" finished-at="2018-08-01T10:23:33Z">
          <reporter-output>
          </reporter-output>
        </test-method> <!-- close -->
      </class> <!-- com.kyd.testcases.LoginPageTest -->
    </test> <!-- Default test -->
  </suite> <!-- Default suite -->
</testng-results>
