<?xml version="1.0" encoding="UTF-8"?>
<testng-results skipped="0" failed="0" ignored="0" total="1" passed="1">
  <reporter-output>
  </reporter-output>
  <suite name="Default suite" duration-ms="22512" started-at="2018-08-01T07:28:33Z" finished-at="2018-08-01T07:28:55Z">
    <groups>
    </groups>
    <test name="Default test" duration-ms="22512" started-at="2018-08-01T07:28:33Z" finished-at="2018-08-01T07:28:55Z">
      <class name="com.kyd.testcases.LoginPageTest">
        <test-method status="PASS" signature="setup()[pri:0, instance:com.kyd.testcases.LoginPageTest@59e5ddf]" name="setup" is-config="true" duration-ms="18792" started-at="2018-08-01T07:28:33Z" finished-at="2018-08-01T07:28:51Z">
          <reporter-output>
          </reporter-output>
        </test-method> <!-- setup -->
        <test-method status="PASS" signature="login()[pri:0, instance:com.kyd.testcases.LoginPageTest@59e5ddf]" name="login" duration-ms="7" started-at="2018-08-01T07:28:51Z" finished-at="2018-08-01T07:28:51Z">
          <reporter-output>
          </reporter-output>
        </test-method> <!-- login -->
        <test-method status="PASS" signature="close()[pri:0, instance:com.kyd.testcases.LoginPageTest@59e5ddf]" name="close" is-config="true" duration-ms="3689" started-at="2018-08-01T07:28:51Z" finished-at="2018-08-01T07:28:55Z">
          <reporter-output>
          </reporter-output>
        </test-method> <!-- close -->
      </class> <!-- com.kyd.testcases.LoginPageTest -->
    </test> <!-- Default test -->
  </suite> <!-- Default suite -->
</testng-results>
